<?xml version="1.0" encoding="UTF-8"?>
<testsuite xmlns:xsi="http://www.w3.org/2001/XMLSchema-instance" xsi:noNamespaceSchemaLocation="https://maven.apache.org/surefire/maven-surefire-plugin/xsd/surefire-test-report.xsd" name="testscenario.ScenarioJunitActivatorTest" time="2.001" tests="2" errors="1" skipped="0" failures="0">
  <properties>
    <property name="sun.desktop" value="gnome"/>
    <property name="awt.toolkit" value="sun.awt.X11.XToolkit"/>
    <property name="file.encoding.pkg" value="sun.io"/>
    <property name="java.specification.version" value="1.8"/>
    <property name="sun.cpu.isalist" value=""/>
    <property name="sun.jnu.encoding" value="UTF-8"/>
    <property name="java.class.path" value="/home/dzonca/IdeaProjects/Temp/caseTicket/checkCondition/target/test-classes:/home/dzonca/IdeaProjects/Temp/caseTicket/checkCondition/target/classes:/home/dzonca/.m2/repository/com/thoughtworks/xstream/xstream/1.4.10/xstream-1.4.10.jar:/home/dzonca/.m2/repository/xmlpull/xmlpull/1.1.3.1/xmlpull-1.1.3.1.jar:/home/dzonca/.m2/repository/xpp3/xpp3_min/1.1.4c/xpp3_min-1.1.4c.jar:/home/dzonca/.m2/repository/org/kie/kie-internal/7.30.0.Final/kie-internal-7.30.0.Final.jar:/home/dzonca/.m2/repository/org/slf4j/slf4j-api/1.7.26/slf4j-api-1.7.26.jar:/home/dzonca/.m2/repository/org/optaplanner/optaplanner-core/7.30.0.Final/optaplanner-core-7.30.0.Final.jar:/home/dzonca/.m2/repository/org/drools/drools-core/7.30.0.Final/drools-core-7.30.0.Final.jar:/home/dzonca/.m2/repository/commons-codec/commons-codec/1.10/commons-codec-1.10.jar:/home/dzonca/.m2/repository/org/drools/drools-canonical-model/7.30.0.Final/drools-canonical-model-7.30.0.Final.jar:/home/dzonca/.m2/repository/org/drools/drools-model-compiler/7.30.0.Final/drools-model-compiler-7.30.0.Final.jar:/home/dzonca/.m2/repository/org/drools/drools-mvel-compiler/7.30.0.Final/drools-mvel-compiler-7.30.0.Final.jar:/home/dzonca/.m2/repository/org/apache/commons/commons-lang3/3.8.1/commons-lang3-3.8.1.jar:/home/dzonca/.m2/repository/org/apache/commons/commons-math3/3.4.1/commons-math3-3.4.1.jar:/home/dzonca/.m2/repository/org/reflections/reflections/0.9.11/reflections-0.9.11.jar:/home/dzonca/.m2/repository/com/google/guava/guava/20.0/guava-20.0.jar:/home/dzonca/.m2/repository/org/javassist/javassist/3.21.0-GA/javassist-3.21.0-GA.jar:/home/dzonca/.m2/repository/junit/junit/4.12/junit-4.12.jar:/home/dzonca/.m2/repository/org/hamcrest/hamcrest-core/1.3/hamcrest-core-1.3.jar:/home/dzonca/.m2/repository/org/optaplanner/optaplanner-persistence-jaxb/7.30.0.Final/optaplanner-persistence-jaxb-7.30.0.Final.jar:/home/dzonca/.m2/repository/org/optaplanner/optaplanner-persistence-common/7.30.0.Final/optaplanner-persistence-common-7.30.0.Final.jar:/home/dzonca/.m2/repository/org/jboss/spec/javax/xml/bind/jboss-jaxb-api_2.3_spec/1.0.1.Final/jboss-jaxb-api_2.3_spec-1.0.1.Final.jar:/home/dzonca/.m2/repository/com/sun/xml/bind/jaxb-core/2.3.0/jaxb-core-2.3.0.jar:/home/dzonca/.m2/repository/com/sun/xml/bind/jaxb-impl/2.3.0/jaxb-impl-2.3.0.jar:/home/dzonca/.m2/repository/javax/activation/activation/1.1.1/activation-1.1.1.jar:/home/dzonca/.m2/repository/org/kie/kie-api/7.30.0.Final/kie-api-7.30.0.Final.jar:/home/dzonca/.m2/repository/org/kie/soup/kie-soup-maven-support/7.30.0.Final/kie-soup-maven-support-7.30.0.Final.jar:/home/dzonca/.m2/repository/org/drools/drools-scenario-simulation-api/7.30.0.Final/drools-scenario-simulation-api-7.30.0.Final.jar:/home/dzonca/.m2/repository/org/kie/soup/kie-soup-project-datamodel-api/7.30.0.Final/kie-soup-project-datamodel-api-7.30.0.Final.jar:/home/dzonca/.m2/repository/org/drools/drools-scenario-simulation-backend/7.30.0.Final/drools-scenario-simulation-backend-7.30.0.Final.jar:/home/dzonca/.m2/repository/com/fasterxml/jackson/core/jackson-databind/2.9.10.1/jackson-databind-2.9.10.1.jar:/home/dzonca/.m2/repository/com/fasterxml/jackson/core/jackson-annotations/2.9.10/jackson-annotations-2.9.10.jar:/home/dzonca/.m2/repository/com/fasterxml/jackson/core/jackson-core/2.9.10/jackson-core-2.9.10.jar:/home/dzonca/.m2/repository/org/kie/soup/kie-soup-commons/7.30.0.Final/kie-soup-commons-7.30.0.Final.jar:/home/dzonca/.m2/repository/org/mvel/mvel2/2.4.4.Final/mvel2-2.4.4.Final.jar:/home/dzonca/.m2/repository/org/drools/drools-compiler/7.30.0.Final/drools-compiler-7.30.0.Final.jar:/home/dzonca/.m2/repository/org/kie/soup/kie-soup-project-datamodel-commons/7.30.0.Final/kie-soup-project-datamodel-commons-7.30.0.Final.jar:/home/dzonca/.m2/repository/org/antlr/antlr-runtime/3.5.2/antlr-runtime-3.5.2.jar:/home/dzonca/.m2/repository/org/eclipse/jdt/core/compiler/ecj/4.6.1/ecj-4.6.1.jar:/home/dzonca/.m2/repository/com/google/protobuf/protobuf-java/3.6.1/protobuf-java-3.6.1.jar:/home/dzonca/.m2/repository/org/drools/drools-workbench-models-guided-dtable/7.30.0.Final/drools-workbench-models-guided-dtable-7.30.0.Final.jar:/home/dzonca/.m2/repository/org/drools/drools-workbench-models-datamodel-api/7.30.0.Final/drools-workbench-models-datamodel-api-7.30.0.Final.jar:/home/dzonca/.m2/repository/org/drools/drools-workbench-models-commons/7.30.0.Final/drools-workbench-models-commons-7.30.0.Final.jar:/home/dzonca/.m2/repository/org/kie/kie-dmn-feel/7.30.0.Final/kie-dmn-feel-7.30.0.Final.jar:/home/dzonca/.m2/repository/org/kie/kie-dmn-model/7.30.0.Final/kie-dmn-model-7.30.0.Final.jar:/home/dzonca/.m2/repository/org/antlr/antlr4-runtime/4.7.2/antlr4-runtime-4.7.2.jar:/home/dzonca/.m2/repository/com/github/javaparser/javaparser-core/3.13.10/javaparser-core-3.13.10.jar:/home/dzonca/.m2/repository/org/drools/drools-mvel-parser/7.30.0.Final/drools-mvel-parser-7.30.0.Final.jar:/home/dzonca/.m2/repository/org/jboss/spec/javax/annotation/jboss-annotations-api_1.2_spec/1.0.0.Final/jboss-annotations-api_1.2_spec-1.0.0.Final.jar:/home/dzonca/.m2/repository/ch/obermuhlner/big-math/2.0.1/big-math-2.0.1.jar:/home/dzonca/.m2/repository/org/kie/kie-dmn-api/7.30.0.Final/kie-dmn-api-7.30.0.Final.jar:/home/dzonca/.m2/repository/org/kie/kie-dmn-core/7.30.0.Final/kie-dmn-core-7.30.0.Final.jar:/home/dzonca/.m2/repository/org/kie/kie-dmn-backend/7.30.0.Final/kie-dmn-backend-7.30.0.Final.jar:/home/dzonca/.m2/repository/org/jpmml/pmml-model/1.4.11/pmml-model-1.4.11.jar:/home/dzonca/.m2/repository/org/jpmml/pmml-agent/1.4.11/pmml-agent-1.4.11.jar:"/>
    <property name="java.vm.vendor" value="Oracle Corporation"/>
    <property name="sun.arch.data.model" value="64"/>
    <property name="java.vendor.url" value="http://java.oracle.com/"/>
    <property name="user.timezone" value=""/>
    <property name="java.vm.specification.version" value="1.8"/>
    <property name="os.name" value="Linux"/>
    <property name="user.country" value="US"/>
    <property name="sun.java.launcher" value="SUN_STANDARD"/>
    <property name="sun.boot.library.path" value="/home/dzonca/.jabba/jdk/1.8.162/jre/lib/amd64"/>
    <property name="sun.java.command" value="/home/dzonca/IdeaProjects/Temp/caseTicket/checkCondition/target/surefire/surefirebooter4055983235844169772.jar /home/dzonca/IdeaProjects/Temp/caseTicket/checkCondition/target/surefire 2020-01-09T11-27-37_533-jvmRun1 surefire7463822028415900121tmp surefire_02935665703206048105tmp"/>
    <property name="surefire.test.class.path" value="/home/dzonca/IdeaProjects/Temp/caseTicket/checkCondition/target/test-classes:/home/dzonca/IdeaProjects/Temp/caseTicket/checkCondition/target/classes:/home/dzonca/.m2/repository/com/thoughtworks/xstream/xstream/1.4.10/xstream-1.4.10.jar:/home/dzonca/.m2/repository/xmlpull/xmlpull/1.1.3.1/xmlpull-1.1.3.1.jar:/home/dzonca/.m2/repository/xpp3/xpp3_min/1.1.4c/xpp3_min-1.1.4c.jar:/home/dzonca/.m2/repository/org/kie/kie-internal/7.30.0.Final/kie-internal-7.30.0.Final.jar:/home/dzonca/.m2/repository/org/slf4j/slf4j-api/1.7.26/slf4j-api-1.7.26.jar:/home/dzonca/.m2/repository/org/optaplanner/optaplanner-core/7.30.0.Final/optaplanner-core-7.30.0.Final.jar:/home/dzonca/.m2/repository/org/drools/drools-core/7.30.0.Final/drools-core-7.30.0.Final.jar:/home/dzonca/.m2/repository/commons-codec/commons-codec/1.10/commons-codec-1.10.jar:/home/dzonca/.m2/repository/org/drools/drools-canonical-model/7.30.0.Final/drools-canonical-model-7.30.0.Final.jar:/home/dzonca/.m2/repository/org/drools/drools-model-compiler/7.30.0.Final/drools-model-compiler-7.30.0.Final.jar:/home/dzonca/.m2/repository/org/drools/drools-mvel-compiler/7.30.0.Final/drools-mvel-compiler-7.30.0.Final.jar:/home/dzonca/.m2/repository/org/apache/commons/commons-lang3/3.8.1/commons-lang3-3.8.1.jar:/home/dzonca/.m2/repository/org/apache/commons/commons-math3/3.4.1/commons-math3-3.4.1.jar:/home/dzonca/.m2/repository/org/reflections/reflections/0.9.11/reflections-0.9.11.jar:/home/dzonca/.m2/repository/com/google/guava/guava/20.0/guava-20.0.jar:/home/dzonca/.m2/repository/org/javassist/javassist/3.21.0-GA/javassist-3.21.0-GA.jar:/home/dzonca/.m2/repository/junit/junit/4.12/junit-4.12.jar:/home/dzonca/.m2/repository/org/hamcrest/hamcrest-core/1.3/hamcrest-core-1.3.jar:/home/dzonca/.m2/repository/org/optaplanner/optaplanner-persistence-jaxb/7.30.0.Final/optaplanner-persistence-jaxb-7.30.0.Final.jar:/home/dzonca/.m2/repository/org/optaplanner/optaplanner-persistence-common/7.30.0.Final/optaplanner-persistence-common-7.30.0.Final.jar:/home/dzonca/.m2/repository/org/jboss/spec/javax/xml/bind/jboss-jaxb-api_2.3_spec/1.0.1.Final/jboss-jaxb-api_2.3_spec-1.0.1.Final.jar:/home/dzonca/.m2/repository/com/sun/xml/bind/jaxb-core/2.3.0/jaxb-core-2.3.0.jar:/home/dzonca/.m2/repository/com/sun/xml/bind/jaxb-impl/2.3.0/jaxb-impl-2.3.0.jar:/home/dzonca/.m2/repository/javax/activation/activation/1.1.1/activation-1.1.1.jar:/home/dzonca/.m2/repository/org/kie/kie-api/7.30.0.Final/kie-api-7.30.0.Final.jar:/home/dzonca/.m2/repository/org/kie/soup/kie-soup-maven-support/7.30.0.Final/kie-soup-maven-support-7.30.0.Final.jar:/home/dzonca/.m2/repository/org/drools/drools-scenario-simulation-api/7.30.0.Final/drools-scenario-simulation-api-7.30.0.Final.jar:/home/dzonca/.m2/repository/org/kie/soup/kie-soup-project-datamodel-api/7.30.0.Final/kie-soup-project-datamodel-api-7.30.0.Final.jar:/home/dzonca/.m2/repository/org/drools/drools-scenario-simulation-backend/7.30.0.Final/drools-scenario-simulation-backend-7.30.0.Final.jar:/home/dzonca/.m2/repository/com/fasterxml/jackson/core/jackson-databind/2.9.10.1/jackson-databind-2.9.10.1.jar:/home/dzonca/.m2/repository/com/fasterxml/jackson/core/jackson-annotations/2.9.10/jackson-annotations-2.9.10.jar:/home/dzonca/.m2/repository/com/fasterxml/jackson/core/jackson-core/2.9.10/jackson-core-2.9.10.jar:/home/dzonca/.m2/repository/org/kie/soup/kie-soup-commons/7.30.0.Final/kie-soup-commons-7.30.0.Final.jar:/home/dzonca/.m2/repository/org/mvel/mvel2/2.4.4.Final/mvel2-2.4.4.Final.jar:/home/dzonca/.m2/repository/org/drools/drools-compiler/7.30.0.Final/drools-compiler-7.30.0.Final.jar:/home/dzonca/.m2/repository/org/kie/soup/kie-soup-project-datamodel-commons/7.30.0.Final/kie-soup-project-datamodel-commons-7.30.0.Final.jar:/home/dzonca/.m2/repository/org/antlr/antlr-runtime/3.5.2/antlr-runtime-3.5.2.jar:/home/dzonca/.m2/repository/org/eclipse/jdt/core/compiler/ecj/4.6.1/ecj-4.6.1.jar:/home/dzonca/.m2/repository/com/google/protobuf/protobuf-java/3.6.1/protobuf-java-3.6.1.jar:/home/dzonca/.m2/repository/org/drools/drools-workbench-models-guided-dtable/7.30.0.Final/drools-workbench-models-guided-dtable-7.30.0.Final.jar:/home/dzonca/.m2/repository/org/drools/drools-workbench-models-datamodel-api/7.30.0.Final/drools-workbench-models-datamodel-api-7.30.0.Final.jar:/home/dzonca/.m2/repository/org/drools/drools-workbench-models-commons/7.30.0.Final/drools-workbench-models-commons-7.30.0.Final.jar:/home/dzonca/.m2/repository/org/kie/kie-dmn-feel/7.30.0.Final/kie-dmn-feel-7.30.0.Final.jar:/home/dzonca/.m2/repository/org/kie/kie-dmn-model/7.30.0.Final/kie-dmn-model-7.30.0.Final.jar:/home/dzonca/.m2/repository/org/antlr/antlr4-runtime/4.7.2/antlr4-runtime-4.7.2.jar:/home/dzonca/.m2/repository/com/github/javaparser/javaparser-core/3.13.10/javaparser-core-3.13.10.jar:/home/dzonca/.m2/repository/org/drools/drools-mvel-parser/7.30.0.Final/drools-mvel-parser-7.30.0.Final.jar:/home/dzonca/.m2/repository/org/jboss/spec/javax/annotation/jboss-annotations-api_1.2_spec/1.0.0.Final/jboss-annotations-api_1.2_spec-1.0.0.Final.jar:/home/dzonca/.m2/repository/ch/obermuhlner/big-math/2.0.1/big-math-2.0.1.jar:/home/dzonca/.m2/repository/org/kie/kie-dmn-api/7.30.0.Final/kie-dmn-api-7.30.0.Final.jar:/home/dzonca/.m2/repository/org/kie/kie-dmn-core/7.30.0.Final/kie-dmn-core-7.30.0.Final.jar:/home/dzonca/.m2/repository/org/kie/kie-dmn-backend/7.30.0.Final/kie-dmn-backend-7.30.0.Final.jar:/home/dzonca/.m2/repository/org/jpmml/pmml-model/1.4.11/pmml-model-1.4.11.jar:/home/dzonca/.m2/repository/org/jpmml/pmml-agent/1.4.11/pmml-agent-1.4.11.jar:"/>
    <property name="sun.cpu.endian" value="little"/>
    <property name="user.home" value="/home/dzonca"/>
    <property name="user.language" value="en"/>
    <property name="java.specification.vendor" value="Oracle Corporation"/>
    <property name="java.home" value="/home/dzonca/.jabba/jdk/1.8.162/jre"/>
    <property name="basedir" value="/home/dzonca/IdeaProjects/Temp/caseTicket/checkCondition"/>
    <property name="file.separator" value="/"/>
    <property name="line.separator" value="&#10;"/>
    <property name="java.vm.specification.vendor" value="Oracle Corporation"/>
    <property name="java.specification.name" value="Java Platform API Specification"/>
    <property name="java.awt.graphicsenv" value="sun.awt.X11GraphicsEnvironment"/>
    <property name="surefire.real.class.path" value="/home/dzonca/IdeaProjects/Temp/caseTicket/checkCondition/target/surefire/surefirebooter4055983235844169772.jar"/>
    <property name="sun.boot.class.path" value="/home/dzonca/.jabba/jdk/1.8.162/jre/lib/resources.jar:/home/dzonca/.jabba/jdk/1.8.162/jre/lib/rt.jar:/home/dzonca/.jabba/jdk/1.8.162/jre/lib/sunrsasign.jar:/home/dzonca/.jabba/jdk/1.8.162/jre/lib/jsse.jar:/home/dzonca/.jabba/jdk/1.8.162/jre/lib/jce.jar:/home/dzonca/.jabba/jdk/1.8.162/jre/lib/charsets.jar:/home/dzonca/.jabba/jdk/1.8.162/jre/lib/jfr.jar:/home/dzonca/.jabba/jdk/1.8.162/jre/classes"/>
    <property name="sun.management.compiler" value="HotSpot 64-Bit Tiered Compilers"/>
    <property name="java.runtime.version" value="1.8.0_162-b12"/>
    <property name="user.name" value="dzonca"/>
    <property name="path.separator" value=":"/>
    <property name="os.version" value="3.10.0-957.el7.x86_64"/>
    <property name="java.endorsed.dirs" value="/home/dzonca/.jabba/jdk/1.8.162/jre/lib/endorsed"/>
    <property name="java.runtime.name" value="Java(TM) SE Runtime Environment"/>
    <property name="file.encoding" value="UTF-8"/>
    <property name="java.vm.name" value="Java HotSpot(TM) 64-Bit Server VM"/>
    <property name="localRepository" value="/home/dzonca/.m2/repository"/>
    <property name="java.vendor.url.bug" value="http://bugreport.sun.com/bugreport/"/>
    <property name="java.io.tmpdir" value="/tmp"/>
    <property name="java.version" value="1.8.0_162"/>
    <property name="user.dir" value="/home/dzonca/IdeaProjects/Temp/caseTicket/checkCondition"/>
    <property name="os.arch" value="amd64"/>
    <property name="java.vm.specification.name" value="Java Virtual Machine Specification"/>
    <property name="java.awt.printerjob" value="sun.print.PSPrinterJob"/>
    <property name="sun.os.patch.level" value="unknown"/>
    <property name="java.library.path" value="/usr/java/packages/lib/amd64:/usr/lib64:/lib64:/lib:/usr/lib"/>
    <property name="java.vm.info" value="mixed mode"/>
    <property name="java.vendor" value="Oracle Corporation"/>
    <property name="java.vm.version" value="25.162-b12"/>
    <property name="java.ext.dirs" value="/home/dzonca/.jabba/jdk/1.8.162/jre/lib/ext:/usr/java/packages/lib/ext"/>
    <property name="sun.io.unicode.encoding" value="UnicodeLittle"/>
    <property name="java.class.version" value="52.0"/>
  </properties>
  <testcase name="#1: Adult exist" classname="/home/dzonca/IdeaProjects/Temp/caseTicket/checkCondition/target/test-classes/com/CheckAdultTest.scesim" time="1.068"/>
  <testcase name="#2: Adult not exist" classname="/home/dzonca/IdeaProjects/Temp/caseTicket/checkCondition/target/test-classes/com/CheckAdultTest.scesim" time="0.007">
    <error message="#2: Scenario &apos;Adult not exist&apos; failed(/home/dzonca/IdeaProjects/Temp/caseTicket/checkCondition/target/test-classes/com/CheckAdultTest.scesim)" type="org.drools.scenariosimulation.backend.runner.IndexedScenarioException">org.drools.scenariosimulation.backend.runner.IndexedScenarioException: #2: Scenario 'Adult not exist' failed(/home/dzonca/IdeaProjects/Temp/caseTicket/checkCondition/target/test-classes/com/CheckAdultTest.scesim)
Caused by: org.drools.scenariosimulation.backend.runner.ScenarioException: Scenario 'Adult not exist' failed
</error>
  </testcase>
</testsuite>